build1/flutter_email_sender/intermediates/manifest_merge_blame_file/debug/manifest-merger-blame-debug-report.txt
1<?xml version="1.0" encoding="utf-8"?>
2<manifest xmlns:android="http://schemas.android.com/apk/res/android"
3    package="com.sidlatau.flutteremailsender" >
4
5    <uses-sdk android:minSdkVersion="16" />
5-->src/main/AndroidManifest.xml
6
7    <application>
7-->src/main/AndroidManifest.xml:3:5-13:19
8        <provider
8-->src/main/AndroidManifest.xml:4:9-12:20
9            android:name="com.sidlatau.flutteremailsender.FlutterEmailSenderFileProvider"
9-->src/main/AndroidManifest.xml:5:13-90
10            android:authorities="dollar_openBracket_applicationId_closeBracket.file_provider"
10-->src/main/AndroidManifest.xml:6:13-65
11            android:exported="false"
11-->src/main/AndroidManifest.xml:7:13-37
12            android:grantUriPermissions="true" >
12-->src/main/AndroidManifest.xml:8:13-47
13            <meta-data
13-->src/main/AndroidManifest.xml:9:13-11:61
14                android:name="android.support.FILE_PROVIDER_PATHS"
14-->src/main/AndroidManifest.xml:10:17-67
15                android:resource="@xml/shared_file_paths" />
15-->src/main/AndroidManifest.xml:11:17-58
16        </provider>
17    </application>
18
19</manifest>